<?xml version="1.0" encoding="UTF-8"?>
<testng-results ignored="0" total="1" passed="1" failed="0" skipped="0">
  <reporter-output>
  </reporter-output>
  <suite started-at="2021-05-31T10:37:36Z" name="Default suite" finished-at="2021-05-31T10:37:40Z" duration-ms="4404">
    <groups>
    </groups>
    <test started-at="2021-05-31T10:37:36Z" name="Default test" finished-at="2021-05-31T10:37:40Z" duration-ms="4404">
      <class name="TestNGFrameWork.TestNGFrameWork.CaseTwo">
        <test-method signature="soapexample()[pri:0, instance:TestNGFrameWork.TestNGFrameWork.CaseTwo@7aaca91a]" started-at="2021-05-31T10:37:36Z" name="soapexample" finished-at="2021-05-31T10:37:40Z" duration-ms="4344" status="PASS">
          <reporter-output>
          </reporter-output>
        </test-method> <!-- soapexample -->
      </class> <!-- TestNGFrameWork.TestNGFrameWork.CaseTwo -->
    </test> <!-- Default test -->
  </suite> <!-- Default suite -->
</testng-results>
